Trace line 2: 42
Trace line 3: -1017
Trace line 4: 33
Trace line 5: 10
Trace line 8: 42.0
Trace line 9: -1017.1
Trace line 10: 1.9999616399999998
Trace line 11: 33.0
Trace line 14: 'Abc'
Trace line 15: 'xxxxxx'
Trace line 16: 'Abrakadabra'
Trace line 17: 'e'
Trace line 20: True
Trace line 21: 'To be'
Trace line 22: 3.14
Trace line 23: True
Trace line 26: False
Trace line 27: True
Trace line 30: []
Trace line 31: [-1, 0, 1, -1, 0, 1]
Trace line 32: 102
Trace line 35: {'A' : 'a', 'B' : 3}
Trace line 36: 17
