<program>
   1: # Alle nøkler i en ordbok må være tekstliteraler.
   2: 
   3: t = "Vet ikke"
  <stmt>
    <small stmt list>
      <small stmt>
        <assignment>
          <name>
          </name>
          <expr>
            <and test>
              <not test>
                <comparison>
                  <term>
                    <factor>
                      <primary>
                        <atom>
                          <string literal>
                          </string literal>
                        </atom>
                      </primary>
                    </factor>
                  </term>
                </comparison>
              </not test>
            </and test>
          </expr>
        </assignment>
      </small stmt>
    </small stmt list>
  </stmt>
   4: d = { "Ja": 17, "Nei": 2, t: 0 }
  <stmt>
    <small stmt list>
      <small stmt>
        <assignment>
          <name>
          </name>
          <expr>
            <and test>
              <not test>
                <comparison>
                  <term>
                    <factor>
                      <primary>
                        <atom>
                          <dict display>
                            <string literal>
                            </string literal>
                            <expr>
                              <and test>
                                <not test>
                                  <comparison>
                                    <term>
                                      <factor>
                                        <primary>
                                          <atom>
                                            <integer literal>
                                            </integer literal>
                                          </atom>
                                        </primary>
                                      </factor>
                                    </term>
                                  </comparison>
                                </not test>
                              </and test>
                            </expr>
                            <string literal>
                            </string literal>
                            <expr>
                              <and test>
                                <not test>
                                  <comparison>
                                    <term>
                                      <factor>
                                        <primary>
                                          <atom>
                                            <integer literal>
                                            </integer literal>
                                          </atom>
                                        </primary>
                                      </factor>
                                    </term>
                                  </comparison>
                                </not test>
                              </and test>
                            </expr>
Asp parser error on line 4: Expected string literal but found name!
